<?xml version="1.0" encoding="UTF-8"?>
<!-- Generated by org.testng.reporters.JUnitReportReporter -->
<testsuite hostname="LAPTOP-BCTBB8MA" failures="0" tests="1" name="org.api.Test.userTest" time="4.098" errors="0" timestamp="2023-05-23T15:44:59 GMT-06:00" skipped="0">
  <testcase classname="org.api.Test.userTest" name="testPostUser" time="4.098"/>
  <system-out/>
</testsuite> <!-- org.api.Test.userTest -->
