<?xml version="1.0" encoding="UTF-8"?>
<!-- Generated by org.testng.reporters.JUnitReportReporter -->
<testsuite hostname="LAPTOP-BCTBB8MA" failures="0" tests="4" name="org.api.Test.userTest" time="3.328" errors="0" timestamp="2023-05-29T22:48:04 GMT-06:00" skipped="0">
  <testcase classname="org.api.Test.userTest" name="testPostUser" time="2.047"/>
  <system-out/>
  <testcase classname="org.api.Test.userTest" name="testGetUserByName" time="0.352"/>
  <system-out/>
  <testcase classname="org.api.Test.userTest" name="testUpdateUserName" time="0.632"/>
  <system-out/>
  <testcase classname="org.api.Test.userTest" name="deleteUser" time="0.297"/>
  <system-out/>
</testsuite> <!-- org.api.Test.userTest -->
